#
# There is insufficient memory for the Java Runtime Environment to continue.
# Native memory allocation (mmap) failed to map 132120576 bytes for G1 virtual space
# Possible reasons:
#   The system is out of physical RAM or swap space
#   The process is running with CompressedOops enabled, and the Java Heap may be blocking the growth of the native heap
# Possible solutions:
#   Reduce memory load on the system
#   Increase physical memory or swap space
#   Check if swap backing store is full
#   Decrease Java heap size (-Xmx/-Xms)
#   Decrease number of Java threads
#   Decrease Java thread stack sizes (-Xss)
#   Set larger code cache with -XX:ReservedCodeCacheSize=
#   JVM is running with Unscaled Compressed Oops mode in which the Java heap is
#     placed in the first 4GB address space. The Java Heap base address is the
#     maximum limit for the native heap growth. Please use -XX:HeapBaseMinAddress
#     to set the Java Heap base and to place the Java Heap above 4GB virtual address.
# This output file may be truncated or incomplete.
#
#  Out of Memory Error (os_windows.cpp:3548), pid=21328, tid=2620
#
# JRE version:  (17.0.12+8) (build )
# Java VM: Java HotSpot(TM) 64-Bit Server VM (17.0.12+8-LTS-286, mixed mode, sharing, tiered, compressed oops, compressed class ptrs, g1 gc, windows-amd64)
# No core dump will be written. Minidumps are not enabled by default on client versions of Windows
#

---------------  S U M M A R Y ------------

Command Line: -Dnet.bytebuddy.agent.attacher.dump= net.bytebuddy.agent.Attacher com.sun.tools.attach.VirtualMachine 22520 C:\Users\gerom\.gradle\caches\modules-2\files-2.1\net.bytebuddy\byte-buddy-agent\1.14.11\f9cb566608fbac6bc7bf54901a7aa11543a989ee\byte-buddy-agent-1.14.11.jar false 

Host: Intel(R) Core(TM) i7-9750H CPU @ 2.60GHz, 12 cores, 7G,  Windows 10 , 64 bit Build 19041 (10.0.19041.5915)
Time: Fri May  1 12:25:14 2026 RTZ 2 (s 10 , 64 bit Build 19041 (10.0.19041.5915) elapsed time: 0.006930 seconds (0d 0h 0m 0s)

---------------  T H R E A D  ---------------

Current thread (0x0000017e1dcae580):  JavaThread "Unknown thread" [_thread_in_vm, id=2620, stack(0x0000005c37300000,0x0000005c37400000)]

Stack: [0x0000005c37300000,0x0000005c37400000]
Native frames: (J=compiled Java code, j=interpreted, Vv=VM code, C=native code)
V  [jvm.dll+0x67a04a]
V  [jvm.dll+0x7da4ed]
V  [jvm.dll+0x7dbe33]
V  [jvm.dll+0x7dc4a3]
V  [jvm.dll+0x24508f]
V  [jvm.dll+0x677089]
V  [jvm.dll+0x66bd32]
V  [jvm.dll+0x301fa6]
V  [jvm.dll+0x309546]
V  [jvm.dll+0x359d2e]
V  [jvm.dll+0x359f5f]
V  [jvm.dll+0x2d9078]
V  [jvm.dll+0x2d9fe4]
V  [jvm.dll+0x7aca21]
V  [jvm.dll+0x367591]
V  [jvm.dll+0x78b999]
V  [jvm.dll+0x3ec83f]
V  [jvm.dll+0x3ee471]
C  [jli.dll+0x5297]
C  [ucrtbase.dll+0x21bb2]
C  [KERNEL32.DLL+0x17374]
C  [ntdll.dll+0x4cc91]


---------------  P R O C E S S  ---------------

Threads class SMR info:
_java_thread_list=0x00007fffa2897a18, length=0, elements={
}

Java Threads: ( => current thread )

Other Threads:
  0x0000017e1dd07c20 GCTaskThread "GC Thread#0" [stack: 0x0000005c37400000,0x0000005c37500000] [id=15660]
  0x0000017e1dd185b0 ConcurrentGCThread "G1 Main Marker" [stack: 0x0000005c37500000,0x0000005c37600000] [id=16700]
  0x0000017e1dd19660 ConcurrentGCThread "G1 Conc#0" [stack: 0x0000005c37600000,0x0000005c37700000] [id=2044]

[error occurred during error reporting (printing all threads), id 0xc0000005, EXCEPTION_ACCESS_VIOLATION (0xc0000005) at pc=0x00007fffa20c9b67]

VM state: not at safepoint (not fully initialized)

VM Mutex/Monitor currently owned by a thread:  ([mutex/lock_event])
[0x0000017e1dca8c20] Heap_lock - owner thread: 0x0000017e1dcae580

Heap address: 0x0000000082600000, size: 2010 MB, Compressed Oops mode: 32-bit

CDS archive(s) mapped at: [0x0000000000000000-0x0000000000000000-0x0000000000000000), size 0, SharedBaseAddress: 0x0000000800000000, ArchiveRelocationMode: 1.
Narrow klass base: 0x0000000000000000, Narrow klass shift: 0, Narrow klass range: 0x0

GC Precious Log:
<Empty>

Heap:
 garbage-first heap   total 0K, used 0K [0x0000000082600000, 0x0000000100000000)
  region size 1024K, 0 young (0K), 0 survivors (0K)

[error occurred during error reporting (printing heap information), id 0xc0000005, EXCEPTION_ACCESS_VIOLATION (0xc0000005) at pc=0x00007fffa24b3859]

GC Heap History (0 events):
No events

Deoptimization events (0 events):
No events

Classes unloaded (0 events):
No events

Classes redefined (0 events):
No events

Internal exceptions (0 events):
No events

VM Operations (0 events):
No events

Events (1 events):
Event: 0.004 Loaded shared library C:\Program Files\Java\jdk-17\bin\java.dll


Dynamic libraries:
0x00007ff74f7c0000 - 0x00007ff74f7d0000 	C:\Program Files\Java\jdk-17\bin\java.exe
0x00007fffb9a90000 - 0x00007fffb9c88000 	C:\WINDOWS\SYSTEM32\ntdll.dll
0x00007fffb8840000 - 0x00007fffb8902000 	C:\WINDOWS\System32\KERNEL32.DLL
0x00007fffb7120000 - 0x00007fffb7416000 	C:\WINDOWS\System32\KERNELBASE.dll
0x00007fffb7420000 - 0x00007fffb7520000 	C:\WINDOWS\System32\ucrtbase.dll
0x00007fffa29c0000 - 0x00007fffa29db000 	C:\Program Files\Java\jdk-17\bin\VCRUNTIME140.dll
0x00007fff8bdc0000 - 0x00007fff8bdd9000 	C:\Program Files\Java\jdk-17\bin\jli.dll
0x00007fffb8120000 - 0x00007fffb81d1000 	C:\WINDOWS\System32\ADVAPI32.dll
0x00007fffb8ba0000 - 0x00007fffb8c3e000 	C:\WINDOWS\System32\msvcrt.dll
0x00007fffb7f90000 - 0x00007fffb802f000 	C:\WINDOWS\System32\sechost.dll
0x00007fffb9930000 - 0x00007fffb9a50000 	C:\WINDOWS\System32\RPCRT4.dll
0x00007fffb7610000 - 0x00007fffb7637000 	C:\WINDOWS\System32\bcrypt.dll
0x00007fffb81f0000 - 0x00007fffb8391000 	C:\WINDOWS\System32\USER32.dll
0x00007fffb79f0000 - 0x00007fffb7a12000 	C:\WINDOWS\System32\win32u.dll
0x00007fffa3d30000 - 0x00007fffa3fcb000 	C:\WINDOWS\WinSxS\amd64_microsoft.windows.common-controls_6595b64144ccf1df_6.0.19041.6456_none_60b8a6cb71f64256\COMCTL32.dll
0x00007fffb7f60000 - 0x00007fffb7f8b000 	C:\WINDOWS\System32\GDI32.dll
0x00007fffb7850000 - 0x00007fffb7969000 	C:\WINDOWS\System32\gdi32full.dll
0x00007fffb7570000 - 0x00007fffb760d000 	C:\WINDOWS\System32\msvcp_win.dll
0x00007fffb2770000 - 0x00007fffb277a000 	C:\WINDOWS\SYSTEM32\VERSION.dll
0x00007fffb83a0000 - 0x00007fffb83cf000 	C:\WINDOWS\System32\IMM32.DLL
0x00007fffa00a0000 - 0x00007fffa00ac000 	C:\Program Files\Java\jdk-17\bin\vcruntime140_1.dll
0x00007fff5cf20000 - 0x00007fff5cfae000 	C:\Program Files\Java\jdk-17\bin\msvcp140.dll
0x00007fffa1de0000 - 0x00007fffa29c0000 	C:\Program Files\Java\jdk-17\bin\server\jvm.dll
0x00007fffb7f50000 - 0x00007fffb7f58000 	C:\WINDOWS\System32\PSAPI.DLL
0x00007fffa0fb0000 - 0x00007fffa0fb9000 	C:\WINDOWS\SYSTEM32\WSOCK32.dll
0x00007fffaab20000 - 0x00007fffaab47000 	C:\WINDOWS\SYSTEM32\WINMM.dll
0x00007fffb8030000 - 0x00007fffb809b000 	C:\WINDOWS\System32\WS2_32.dll
0x00007fffb4f50000 - 0x00007fffb4f62000 	C:\WINDOWS\SYSTEM32\kernel.appcore.dll
0x00007fff9f1c0000 - 0x00007fff9f1ca000 	C:\Program Files\Java\jdk-17\bin\jimage.dll
0x00007fffa62c0000 - 0x00007fffa64c1000 	C:\WINDOWS\SYSTEM32\DBGHELP.DLL
0x00007fff9f080000 - 0x00007fff9f0b4000 	C:\WINDOWS\SYSTEM32\dbgcore.DLL
0x00007fffb7a20000 - 0x00007fffb7aa2000 	C:\WINDOWS\System32\bcryptPrimitives.dll
0x00007fff9eb30000 - 0x00007fff9eb55000 	C:\Program Files\Java\jdk-17\bin\java.dll

dbghelp: loaded successfully - version: 4.0.5 - missing functions: none
symbol engine: initialized successfully - sym options: 0x614 - pdb path: .;C:\Program Files\Java\jdk-17\bin;C:\WINDOWS\SYSTEM32;C:\WINDOWS\WinSxS\amd64_microsoft.windows.common-controls_6595b64144ccf1df_6.0.19041.6456_none_60b8a6cb71f64256;C:\Program Files\Java\jdk-17\bin\server

VM Arguments:
jvm_args: -Dnet.bytebuddy.agent.attacher.dump= 
java_command: net.bytebuddy.agent.Attacher com.sun.tools.attach.VirtualMachine 22520 C:\Users\gerom\.gradle\caches\modules-2\files-2.1\net.bytebuddy\byte-buddy-agent\1.14.11\f9cb566608fbac6bc7bf54901a7aa11543a989ee\byte-buddy-agent-1.14.11.jar false 
java_class_path (initial): C:\Users\gerom\.gradle\caches\modules-2\files-2.1\net.bytebuddy\byte-buddy-agent\1.14.11\f9cb566608fbac6bc7bf54901a7aa11543a989ee\byte-buddy-agent-1.14.11.jar
Launcher Type: SUN_STANDARD

[Global flags]
     intx CICompilerCount                          = 4                                         {product} {ergonomic}
     uint ConcGCThreads                            = 3                                         {product} {ergonomic}
     uint G1ConcRefinementThreads                  = 10                                        {product} {ergonomic}
   size_t G1HeapRegionSize                         = 1048576                                   {product} {ergonomic}
    uintx GCDrainStackTargetSize                   = 64                                        {product} {ergonomic}
   size_t InitialHeapSize                          = 132120576                                 {product} {ergonomic}
   size_t MarkStackSize                            = 4194304                                   {product} {ergonomic}
   size_t MaxHeapSize                              = 2107637760                                {product} {ergonomic}
   size_t MinHeapDeltaBytes                        = 1048576                                   {product} {ergonomic}
   size_t MinHeapSize                              = 8388608                                   {product} {ergonomic}
    uintx NonNMethodCodeHeapSize                   = 5839372                                {pd product} {ergonomic}
    uintx NonProfiledCodeHeapSize                  = 122909434                              {pd product} {ergonomic}
    uintx ProfiledCodeHeapSize                     = 122909434                              {pd product} {ergonomic}
    uintx ReservedCodeCacheSize                    = 251658240                              {pd product} {ergonomic}
     bool SegmentedCodeCache                       = true                                      {product} {ergonomic}
   size_t SoftMaxHeapSize                          = 2107637760                             {manageable} {ergonomic}
     bool UseCompressedClassPointers               = true                           {product lp64_product} {ergonomic}
     bool UseCompressedOops                        = true                           {product lp64_product} {ergonomic}
     bool UseG1GC                                  = true                                      {product} {ergonomic}
     bool UseLargePagesIndividualAllocation        = false                                  {pd product} {ergonomic}

Logging:
Log output configuration:
 #0: stdout all=warning uptime,level,tags
 #1: stderr all=off uptime,level,tags

Environment Variables:
JAVA_HOME=C:\Program Files\Java\jdk-17
CLASSPATH=C:\Users\gerom\IdeaProjects\video-stats-bot\\gradle\wrapper\gradle-wrapper.jar
PATH=C:\Program Files\Eclipse Adoptium\jdk-25.0.1.8-hotspot\bin;C:\Program Files (x86)\VMware\VMware Workstation\bin\;C:\Program Files\Common Files\Oracle\Java\javapath;C:\Program Files\Microsoft\jdk-11.0.16.101-hotspot\bin;C:\Program Files\Microsoft MPI\Bin\;C:\Program Files\BellSoft\LibericaJRE-11-Full\bin\;C:\Program Files\BellSoft\LibericaJDK-11-Full\bin\;C:\Windows\system32;C:\Windows;C:\Windows\System32\Wbem;C:\Windows\System32\WindowsPowerShell\v1.0\;C:\Windows\System32\OpenSSH\;C:\Program Files (x86)\NVIDIA Corporation\PhysX\Common;C:\WINDOWS\system32;C:\WINDOWS;C:\WINDOWS\System32\Wbem;C:\WINDOWS\System32\WindowsPowerShell\v1.0\;C:\WINDOWS\System32\OpenSSH\;C:\Program Files\Microsoft SQL Server\Client SDK\ODBC\130\Tools\Binn\;C:\Program Files\Azure Data Studio\bin;C:\Program Files\1C\1CE\components\1c-enterprise-ring-0.19.5+12-x86_64;C:\Program Files\Microsoft SQL Server\Client SDK\ODBC\170\Tools\Binn\;C:\Program Files (x86)\Microsoft SQL Server\Client SDK\ODBC\170\Tools\Binn\;C:\Program Files\PuTTY\;C:\Program Files\Microsoft SQL Server\150\Tools\Binn\;C:\Program Files (x86)\Microsoft SQL Server\160\Tools\Binn\;C:\Program Files\Microsoft SQL Server\160\Tools\Binn\;C:\Program Files\Microsoft SQL Server\160\DTS\Binn\;C:\Program Files (x86)\Microsoft SQL Server\160\DTS\Binn\;C:\Program Files\Bitcop\Agent\;C:\Program Files\NVIDIA Corporation\NVIDIA app\NvDLISR;C:\ProgramData\chocolatey\bin;C:\Program Files\Git\cmd;C:\Program Files\Apache\apache-maven-3.9.11\bin;C:\Users\gerom\AppData\Local\Programs\Python\Python311\Scripts\;C:\Users\gerom\AppData\Local\Programs\Python\Python311\;C:\Users\gerom\AppData\Local\Microsoft\WindowsApps;C:\Program Files\BellSoft\LibericaJRE-11-Full\;C:\Users\gerom\AppData\Local\Programs\Microsoft VS Code\bin;C:\Users\gerom\AppData\Local\GitHubDesktop\bin;C:\Program Files\Java\jdk-17\bin;C:\Program Files\JetBrains\IntelliJ IDEA Community Edition 2025.2.1\bin;C:\Program Files\Java\jdk-17\bin;C:\Program Files\Go\bin;C:\Program Files\Postgre
USERNAME=admin
OS=Windows_NT
PROCESSOR_IDENTIFIER=Intel64 Family 6 Model 158 Stepping 13, GenuineIntel



---------------  S Y S T E M  ---------------

OS:
 Windows 10 , 64 bit Build 19041 (10.0.19041.5915)
OS uptime: 1 days 0:47 hours
Hyper-V role detected

CPU: total 12 (initial active 12) (6 cores per cpu, 2 threads per core) family 6 model 158 stepping 13 microcode 0xb8, cx8, cmov, fxsr, ht, mmx, 3dnowpref, sse, sse2, sse3, ssse3, sse4.1, sse4.2, popcnt, lzcnt, tsc, tscinvbit, avx, avx2, aes, erms, clmul, bmi1, bmi2, adx, fma, vzeroupper, clflush, clflushopt, hv

Memory: 4k page, system-wide physical 8035M (440M free)
TotalPageFile size 16035M (AvailPageFile size 69M)
current process WorkingSet (physical memory assigned to process): 10M, peak: 10M
current process commit charge ("private bytes"): 64M, peak: 190M

vm_info: Java HotSpot(TM) 64-Bit Server VM (17.0.12+8-LTS-286) for windows-amd64 JRE (17.0.12+8-LTS-286), built on Jun  5 2024 06:46:59 by "mach5one" with MS VC++ 17.6 (VS2022)

END.
